<?xml version="1.0" encoding="UTF-8"?>
<!-- Generated by org.testng.reporters.JUnitReportReporter -->
<testsuite skipped="0" hostname="LAPTOP-I2DQ2R0M" name="com.test" tests="1" failures="0" timestamp="2020-05-03T17:20:48 IST" time="52.336" errors="0">
  <testcase name="main" time="52.336" classname="com.test"/>
  <system-out/>
</testsuite> <!-- com.test -->
