<?xml version="1.0" encoding="UTF-8"?>
<!-- Generated by org.testng.reporters.JUnitReportReporter -->
<testsuite skipped="0" hostname="LAPTOP-I2DQ2R0M" name="com.Games" tests="1" failures="0" timestamp="2020-05-03T17:24:58 IST" time="41.844" errors="0">
  <testcase name="main" time="41.844" classname="com.Games"/>
  <system-out/>
</testsuite> <!-- com.Games -->
