<?xml version="1.0" encoding="UTF-8"?>
<!-- Generated by org.testng.reporters.JUnitReportReporter -->
<testsuite skipped="0" hostname="LAPTOP-I2DQ2R0M" name="com.Mobile" tests="1" failures="0" timestamp="2020-05-19T17:04:21 IST" time="59.993" errors="0">
  <testcase name="main" time="59.993" classname="com.Mobile"/>
  <system-out/>
</testsuite> <!-- com.Mobile -->
