<?xml version="1.0" encoding="UTF-8"?>
<!-- Generated by org.testng.reporters.JUnitReportReporter -->
<testsuite skipped="0" hostname="LAPTOP-I2DQ2R0M" name="com.Add" tests="1" failures="0" timestamp="2020-05-15T16:45:48 IST" time="17.334" errors="0">
  <testcase name="Test" time="17.334" classname="com.Add"/>
  <system-out/>
</testsuite> <!-- com.Add -->
