<?xml version="1.0" encoding="UTF-8"?>
<!-- Generated by org.testng.reporters.JUnitReportReporter -->
<testsuite skipped="0" hostname="LAPTOP-I2DQ2R0M" name="com.Create" tests="1" failures="0" timestamp="2020-05-17T16:10:33 IST" time="3.307" errors="0">
  <testcase name="NodeCreate" time="3.307" classname="com.Create"/>
  <system-out/>
</testsuite> <!-- com.Create -->
